C251 COMPILER V4.55,  ap_common                                                            23/05/16  10:42:27  PAGE 1   


C251 COMPILER V4.55, COMPILATION OF MODULE ap_common
OBJECT MODULE PLACED IN .\Obj\ap_common.obj
COMPILER INVOKED BY: C:\Keil\C251\BIN\C251.EXE ..\common\ap_common.c XSMALL FUNCTIONS(REENTRANT) ROM(HUGE) OPTIMIZE(9,SP
                    -EED) BROWSE INCDIR(..\..\..\psp_rel\inc;..\..\inc) I4 DEFINE(MAIN_AP) DEBUG PRINT(.\Lst\ap_common.lst) OBJECT(.\Obj\ap_c
                    -ommon.obj) 

stmt  level    source

    1          /*
    2           *******************************************************************************
    3           *                ACTOS AP
    4           *        ap common lib file, udisk use this file too
    5           *
    6           *        (c) Copyright, Actions Co,Ld.
    7           *             All Right Reserved
    8           *
    9           *  $Id: ap_common.c,v 1.1.1.1 2006/05/22 03:23:59 selina Exp $
   10           *******************************************************************************
   11           */
   12          
   13          #include "ap_common.h"
   14          #define POWER_SAVE_MODE
   15          //========== global field ===============
   16          #pragma name(COM_COM)
   17          
   18          uint16 g_standby_time = 0; //睡眠时间,0.5秒为单位
   19          uint16 g_rtc_counter = 0; //rtc 消息计数
   20          uint16 key_count = 0; //当前按键消息发生的次数
   21          uint8 key_value = Msg_KeyNull; //当前按键的值
   22          uint8 lowpower_count;//接受到低电的计数
   23          uint8 file_name[12]; //存放文件短名数字
   24          
   25          char temp_buffer[9];
   26          time_t time;
   27          date_t date;//日期结构体
   28          time_t tmp_time;
   29          uint8 DigitalCount; //当前数字健的个数
   30          uint8 DigitalBuf[4]; //存储数字键键对应的数字
   31          uint8 set_what;//当前的设置项
   32          uint8 show_what;//当前设置项闪动切换变量
   33          uint8 show_ui_flag;//设置项开始闪动标志
   34          uint8 show_count;//开始设置项闪动的计算
   35          uint8 CurUI_Type;//当前所处的显示界面
   36          //alarm_vars_t g_alarm;
   37          ap_comval_t g_comval; //系统变量,ap不能更改
   38          BOOL need_draw;
   39          uint8 mute_flag = FALSE;
   40          //uint8 linein_status; //linein线存在状态。0-没有插上linein线，1-linein线插着
   41          uint8 holdkey_flag;//按键长按标记
   42          /*
   43          uint8 insert_msg[MAX_TYPE] =
   44          { AP_MSG_LINEIN_IN, AP_MSG_MIC_IN,AP_MSG_USB_PLUGIN};
   45          uint8 pull_out_msg[MAX_TYPE] =
   46          { AP_MSG_LINEIN_OUT, AP_MSG_MIC_OUT,USB_PLUGIN_FINISH };
   47          */
   48          
   49          /********************************************************************************
   50           * Description :设置当前使用的界面类型并置刷新全屏的标记
   51           *
   52           * Arguments  :
   53           *
   54           * Returns     :
   55           *            无
   56           * Notes       :
   57           *
C251 COMPILER V4.55,  ap_common                                                            23/05/16  10:42:27  PAGE 2   

   58           ********************************************************************************/
   59          void SetCurUI_Type(uint8 UI_Type)
   60          {
   61   1          CurUI_Type = UI_Type;
   62   1          show_count = 0;
   63   1          need_draw = TRUE;
   64   1          DigitalCount = 0;
   65   1          memset(DigitalBuf, 0xFF, 4);
   66   1          memset(temp_buffer, 0xFF, 9);
   67   1          if (UI_Type == Clock_UI)
   68   1          {
   69   2              memset(&tmp_time, 0xff, sizeof(time_t));
   70   2          }
   71   1          else if ((UI_Type == TimeSet_UI) || (UI_Type == AlarmSet_UI))
   72   1          {
   73   2              LEDClearScreen();
   74   2          }
   75   1      }
   76          /********************************************************************************
   77           * Description :外部pa电源开关控制
   78           *
   79           * Arguments  :
   80           *
   81           * Returns     :
   82           *            无
   83           * Notes       :
   84           *
   85           ********************************************************************************/
   86          void switch_pa_power(uint8 flag)
   87          {
   88   1          uint8 sfr_bak;
   89   1          sfr_bak = SFR_BANK;
   90   1          SFR_BANK = BANK_GPIO;
   91   1          if(flag == 0)
   92   1          {
   93   2              PA_POWER_GPIO_DAT &= ~ (1 << PA_POWER_GPIO_NUM);
   94   2          }
   95   1          else
   96   1          {
   97   2              PA_POWER_GPIO_DAT |=  (1 << PA_POWER_GPIO_NUM);
   98   2          }
   99   1          SFR_BANK = sfr_bak;
  100   1      }
  101          void close_usb_phyctrol(void)
  102          {
  103   1      #ifdef POWER_SAVE_MODE
  104   1          uint8 sfrbak, i;
  105   1          sfrbak = SFR_BANK;
  106   1          SFR_BANK = BANK_USB;
  107   1          USBEIRQ = 0xc0;
  108   1          USBEIRQ = 0x00;
  109   1      
  110   1          //set Uram clk to MCU
  111   1          //   SFR_BANK = BANK_CMU_RMU;
  112   1          //    MEMCLKSELCTL1 = 0x00; //PCMRAM and URAM to MCU clk
  113   1      
  114   1          SFR_BANK = BANK_USB;
  115   1          Usbirq_hcusbirq = 0xff;
  116   1          Usbien_hcusbien = 0x00;
  117   1          SHORTPCKIRQ = 0x20;
  118   1      
  119   1          SFR_BANK = BANK_USB;
  120   1          /* software disconnect bit.  */
  121   1          UsbCTRL_STUS |= 0x40;
  122   1          SFR_BANK = BANK_CMU_RMU;
  123   1          MRCR2 = MRCR2 & 0xf7;  //USBReset
C251 COMPILER V4.55,  ap_common                                                            23/05/16  10:42:27  PAGE 3   

  124   1          i = 0x40;
  125   1          while(i--)
  126   1          {
  127   2              ; //do nothing
  128   2          }
  129   1      
  130   1          MRCR2 = MRCR2 | 0x08; //USBReset = nomal;
  131   1          SFR_BANK = BANK_USB;
  132   1          TM_DelayMS(2);
  133   1      
  134   1          //phy enable,FPGA invalid ,note:enable is close
  135   1          USB_PHYCTRL = USB_PHYCTRL | (uint8) 0xc0;
  136   1          DPDMCTRL = 0x10; // 恢复uhost检?    //restore SFR_BANK
  137   1          SFR_BANK = sfrbak;
  138   1      #endif
  139   1      }


Module Information          Static   Overlayable
------------------------------------------------
  code size            =    ------     ------
  ecode size           =       198     ------
  data size            =    ------     ------
  idata size           =    ------     ------
  pdata size           =    ------     ------
  xdata size           =    ------     ------
  xdata-const size     =    ------     ------
  edata size           =       141     ------
  bit size             =    ------     ------
  ebit size            =    ------     ------
  bitaddressable size  =    ------     ------
  ebitaddressable size =    ------     ------
  far data size        =    ------     ------
  huge data size       =    ------     ------
  const size           =    ------     ------
  hconst size          =        28     ------
End of Module Information.


C251 COMPILATION COMPLETE.  0 WARNING(S),  0 ERROR(S)
