C251 COMPILER V4.55,  record_rcode                                                         23/05/16  10:42:21  PAGE 1   


C251 COMPILER V4.55, COMPILATION OF MODULE record_rcode
OBJECT MODULE PLACED IN .\Obj\record_rcode.obj
COMPILER INVOKED BY: C:\Keil\C251\BIN\C251.EXE record_rcode.c XSMALL NOALIAS FUNCTIONS(REENTRANT) ROM(HUGE) OPTIMIZE(9,S
                    -PEED) BROWSE INCDIR(..\..\..\psp_rel\inc;..\..\inc) I4 DEBUG PRINT(.\Lst\record_rcode.lst) OBJECT(.\Obj\record_rcode.obj
                    -) 

stmt  level    source

    1          /*
    2           ********************************************************
    3           *                ACTOS AP
    4           *        voice recorder main program.
    5           *
    6           *        (c) Copyright, Actions Co,Ld.
    7           *             All Right Reserved
    8           *
    9           *  $Id: show_stop.c,v 1.13 2009/10/09 09:53:51 dengyulin Exp $
   10           *  History Record£º
   11           *  2008-03-22  15:47
   12           *
   13           *********************************************************
   14           */
   15          #include "actos.h"
   16          #include "basal.h"
   17          #include "enhanced.h"
   18          #include "ap_common.h"
   19          #include "ap_record.h"
   20          
   21          #pragma name(AP_RCODE)
   22          
   23          bool recSendCommand(BYTE cmd, void *param)
   24          {
   25   1          bool ret;
   26   1      
   27   1          if (g_record_vars.rec_type == RECORD_FILE_TYPE_MP2)
   28   1          {
   29   2              //mp2 record
   30   2              ret = mp3rSendCommand(cmd, param);
   31   2          }
   32   1          else
   33   1          {
   34   2              //wav record
   35   2              ret = recordSendCommand(cmd, param);
   36   2          }
   37   1          return ret;
   38   1      }


Module Information          Static   Overlayable
------------------------------------------------
  code size            =    ------     ------
  ecode size           =        30     ------
  data size            =    ------     ------
  idata size           =    ------     ------
  pdata size           =    ------     ------
  xdata size           =    ------     ------
  xdata-const size     =    ------     ------
  edata size           =    ------     ------
  bit size             =    ------     ------
  ebit size            =    ------     ------
  bitaddressable size  =    ------     ------
  ebitaddressable size =    ------     ------
  far data size        =    ------     ------
  huge data size       =    ------     ------
  const size           =    ------     ------
  hconst size          =    ------     ------
C251 COMPILER V4.55,  record_rcode                                                         23/05/16  10:42:21  PAGE 2   

End of Module Information.


C251 COMPILATION COMPLETE.  0 WARNING(S),  0 ERROR(S)
