C251 COMPILER V4.55,  key_charge                                                           13/12/18  16:28:34  PAGE 1   


C251 COMPILER V4.55, COMPILATION OF MODULE key_charge
OBJECT MODULE PLACED IN .\Obj\key_charge.obj
COMPILER INVOKED BY: C:\Keil\C251\BIN\C251.EXE key_charge.c XSMALL FUNCTIONS(REENTRANT) ROM(HUGE) OPTIMIZE(9,SPEED) BROW
                    -SE INCDIR(..\..\..\psp_rel\inc;..\..\inc) I4 DEBUG PRINT(.\Lst\key_charge.lst) OBJECT(.\Obj\key_charge.obj) 

stmt  level    source

    1          #include "drv_key.h"
    2          
    3          
    4          #pragma name(BAC_CHARGE)
    5          uint8 *KY_GetKeyTabAddress(uint8 api_no)
    6          {
    7   1          api_no = api_no;
    8   1          return key_map;
    9   1      }
   10          /*
   11           **************************************************************
   12           *  char    sKY_ChargeSet(char type)          *
   13           *  input:   type,  0:get the charge status
   14           *                       1: start charge battery
   15           *                       2:stop charge battery
   16           *   output:
   17           *              char charge status:  0:no charge
   18           *                                   1:charge state
   19           2:batteryfull
   20           **************************************************************
   21           */
   22          uint8 sKY_GetChargeStatus(uint8 api_no)
   23          {
   24   1          api_no = api_no;
   25   1          return TheCharge;
   26   1      }
   27          


Module Information          Static   Overlayable
------------------------------------------------
  code size            =    ------     ------
  ecode size           =        14     ------
  data size            =    ------     ------
  idata size           =    ------     ------
  pdata size           =    ------     ------
  xdata size           =    ------     ------
  xdata-const size     =    ------     ------
  edata size           =    ------     ------
  bit size             =    ------     ------
  ebit size            =    ------     ------
  bitaddressable size  =    ------     ------
  ebitaddressable size =    ------     ------
  far data size        =    ------     ------
  huge data size       =    ------     ------
  const size           =    ------     ------
  hconst size          =    ------     ------
End of Module Information.


C251 COMPILATION COMPLETE.  0 WARNING(S),  0 ERROR(S)
