C251 COMPILER V4.55,  uart                                                                 25/07/16  15:11:38  PAGE 1   


C251 COMPILER V4.55, COMPILATION OF MODULE uart
OBJECT MODULE PLACED IN .\Obj\uart.obj
COMPILER INVOKED BY: E:\Keil\C251\BIN\C251.EXE uart.c XSMALL FUNCTIONS(REENTRANT) ROM(HUGE) OPTIMIZE(9,SPEED) BROWSE INC
                    -DIR(..\..\..\psp_rel\inc;..\..\inc) I4 DEBUG PRINT(.\Lst\uart.lst) OBJECT(.\Obj\uart.obj) 

stmt  level    source

    1          /********************************************************************************
    2           *                              AS260A
    3           *                            Module: USB Sound
    4           *                 Copyright(c) 2001-2012 Actions Semiconductor,
    5           *                            All Rights Reserved.
    6           *
    7           * History:
    8           *      <author>    <time>            <version >             <desc>
    9           *      dengtaiping 2012-10-23 16:40     1.0                build this file
   10           ********************************************************************************/
   11          /*!
   12           * \file     usound_init.c
   13           * \brief    .
   14           * \author   dengtaiping
   15           * \par      GENERAL DESCRIPTION:
   16           *               usb、AUDIO等模块初始化
   17           * \par      EXTERNALIZED FUNCTIONS:
   18           *               这里描述调用到外面的模块
   19           *
   20           *      Copyright(c) 2001-2012 Actions Semiconductor, All Rights Reserved.
   21           *
   22           * \version 1.0
   23           * \date  2012/10/23
   24           *******************************************************************************/
   25          #include "uart.h"
   26          
   27          
   28          #pragma name(UART)
   29          
   30          
   31          uint32 uart_isr_no;
   32          uart_fifo_t uart_fifo;
   33          SD_FILE *fwcfgfp;
   34          uint8* head_read_buf;
   35          uint8* data_read_buf;
   36          uart_data_t* uart_data;
   37          uint8 uart_timer_id;
   38          uint8 last_uart_flag;
   39          void get_uart_data(uint8 index);
   40          void init_uart_info(void);
   41          
   42          const uint8 uart_data_str[] = "UART_2.BIN";
   43          
   44          void uart_init(void)
   45          {
   46   1              uint8 sfr_temp = SFR_BANK;
   47   1              init_uart_info();
   48   1          memset(&uart_fifo,0x0,UART_FIFO_CNT);
   49   1              SFR_BANK = BANK_CMU_RMU;
   50   1              MRCR1 &= 0xf7;
   51   1              MRCR1 |= 0x08;
   52   1              CLKENCTL1 |= 0x01;
   53   1      
   54   1              SFR_BANK = BANK_GPIO;
   55   1              GPIOCOUTEN &= 0xe7;
   56   1              GPIOCINEN &= 0xe7;
   57   1          GPIOCDAT &= 0xe7;
   58   1              MFP_CTL5 &= 0xf0;
C251 COMPILER V4.55,  uart                                                                 25/07/16  15:11:38  PAGE 2   

   59   1              MFP_CTL5 |= 0x05;       
   60   1      
   61   1              SFR_BANK = BANK_UART;
   62   1              UART_BR = 0x05;
   63   1              UART_MODE = 0x00;
   64   1              UART_CTL = 0xc0;
   65   1              UART_DRQ = 0x05;
   66   1              IE0 &= 0x7f;
   67   1              uart_isr_no = IRQ_Intercept((uint32) uart_isr, IRQ_UART);
   68   1              IE0 = IE0 | 0x80;
   69   1              IE0 |= 0x10; //enable UART/IRC interrupt
   70   1              SFR_BANK = sfr_temp;
   71   1              //uart_send_msg("开始播放");
   72   1          
   73   1              //UART_DRQ = 0x03;
   74   1      }
   75          
   76          void uart_exit(void)
   77          {
   78   1              IRQ_Release(uart_isr_no, IRQ_UART);
   79   1              return;
   80   1      }
   81          void init_uart_info(void)
   82          {   
   83   1          head_read_buf=(uint8*)0x0f80;
   84   1          data_read_buf=(uint8*)0x1380;
   85   1          fwcfgfp = SD_FOpen(uart_data_str, MODE_READ);
   86   1          SD_FRead(fwcfgfp, head_read_buf, 512);
   87   1          //get_uart_data(2);
   88   1      }
   89          void get_uart_data(uint8 index)
   90          {
   91   1          
   92   1          if(index>9)
   93   1          {
   94   2             return;
   95   2          }
   96   1          
   97   1          uart_data=(uart_data_t*)&head_read_buf[index*sizeof(uart_data_t)];
   98   1          SD_FSeek(fwcfgfp, SEEK_SET, 0x200+uart_data->offset);
   99   1          memset(data_read_buf,0x0,uart_data->length+2);
  100   1          SD_FRead(fwcfgfp, data_read_buf, uart_data->length);
  101   1          uart_fifo.putP=uart_data->length; 
  102   1          uart_fifo.used=0;
  103   1      }
  104          
  105          


Module Information          Static   Overlayable
------------------------------------------------
  code size            =    ------     ------
  ecode size           =       285     ------
  data size            =    ------     ------
  idata size           =    ------     ------
  pdata size           =    ------     ------
  xdata size           =    ------     ------
  xdata-const size     =    ------     ------
  edata size           =        39     ------
  bit size             =    ------     ------
  ebit size            =    ------     ------
  bitaddressable size  =    ------     ------
  ebitaddressable size =    ------     ------
  far data size        =    ------     ------
  huge data size       =    ------     ------
  const size           =    ------     ------
  hconst size          =        11     ------
C251 COMPILER V4.55,  uart                                                                 25/07/16  15:11:38  PAGE 3   

End of Module Information.


C251 COMPILATION COMPLETE.  0 WARNING(S),  0 ERROR(S)
