C251 COMPILER V4.55,  sub_int                                                              23/05/16  10:41:53  PAGE 1   


C251 COMPILER V4.55, COMPILATION OF MODULE sub_int
OBJECT MODULE PLACED IN .\Obj\sub_int.obj
COMPILER INVOKED BY: C:\Keil\C251\BIN\C251.EXE sub_int.c XSMALL NOALIAS FUNCTIONS(REENTRANT) ROM(HUGE) OPTIMIZE(9,SPEED)
                    - BROWSE INCDIR(..\..\inc;..\..\..\psp_rel\inc) I4 DEBUG PRINT(.\Lst\sub_int.lst) OBJECT(.\Obj\sub_int.obj) 

stmt  level    source

    1          /*
    2           ******************************************************************************
    3           *                               AS211A
    4           *                            Module: music
    5           *                 Copyright(c) 2002-2010 Actions Semiconductor,
    6           *                            All Rights Reserved.
    7           *
    8           * Descripton: timer ISR module of music
    9           *
   10           * History:
   11           *      <author>    <time>           <version >             <desc>
   12           *       xusong    2010-07-15 15:00     1.0             build this file
   13           ******************************************************************************
   14           */
   15          #include "ap_music.h"
   16          
   17          #pragma name(AP_SUB_INT)
   18          /*
   19           ********************************************************************************
   20           *             void stop_music_play(void)
   21           *
   22           * Description : 将播放状态切换到暂停状态
   23           *
   24           *
   25           * Arguments   : void
   26           *
   27           * Returns     : void
   28           *
   29           * Notes       :1.如果是停止状态下，则直接返回
   30           2.停止解码，关闭文件句柄
   31           ********************************************************************************
   32           */
   33          
   34          void stop_music_play(uint8 bakup_flag)
   35          {
   36   1          if (PlayStatus < PlaySta)
   37   1          {
   38   2              return;
   39   2          }
   40   1          FadeOut(TRUE);
   41   1          musicpSendCommand_bank(MC_STOP, NULL);
   42   1          if (bakup_flag == TRUE)
   43   1          {
   44   2              BackupCurrentTime();
   45   2              musicpSendCommand_bank(MC_BACKUP, NULL);
   46   2          }
   47   1          musicpSendCommand_bank(MC_CLOSE, NULL);
   48   1          if (bakup_flag == TRUE)
   49   1          {
   50   2              if (g_music_vars.cur_disk == disk_char[0])
   51   2              {
   52   3                  memcpy(&g_music_vars.BreakPoit[0], &g_music_vars.BreakPTSave, sizeof(breakPT_t));
   53   3              }
   54   2              else
   55   2              {
   56   3                  memcpy(&g_music_vars.BreakPoit[1], &g_music_vars.BreakPTSave, sizeof(breakPT_t));
   57   3              }
   58   2              VMWrite(&g_music_vars, VM_AP_MUSIC_CARD, sizeof(g_music_vars));
C251 COMPILER V4.55,  sub_int                                                              23/05/16  10:41:53  PAGE 2   

   59   2          }
   60   1          VMWrite(&g_comval, VM_SYSTEM, sizeof(g_comval));
   61   1      }
   62          /*显示当前播放时间*/
   63          void ShowNowTime(void)
   64          {
   65   1          itoa_2(g_music_vars.BreakPTDisTime.minute, temp_buffer);
   66   1          itoa_2(g_music_vars.BreakPTDisTime.second, &temp_buffer[2]);
   67   1          LEDPuts(NUMBER1, temp_buffer, 1);
   68   1          LEDDisplay(LED_COL, 0xff, 1);
   69   1      }
   70          /*
   71           ********************************************************************************
   72           *             void RealDisplay(void)
   73           *
   74           * Description : 将播放时间实现写入寄存器中，以备突然断电后，重启可以进行断点续播
   75           *
   76           *
   77           * Arguments   : void
   78           *
   79           * Returns     : void
   80           *
   81           * Notes       :1.主要是备份时，分，秒，用于重启后时间的显示
   82          
   83           ********************************************************************************
   84           */
   85          
   86          void time_writetoreg(void)
   87          {
   88   1          uint8 sfr_bak;
   89   1          romDI();
   90   1          //断点时间写入寄存器，以防硬件断电
   91   1          sfr_bak = SFR_BANK;
   92   1          SFR_BANK = 0x0c;
   93   1          RTCRDM19 = g_music_vars.BreakPTDisTime.hour;
   94   1          RTCRDM20 = g_music_vars.BreakPTDisTime.minute;
   95   1          RTCRDM21 = g_music_vars.BreakPTDisTime.second;
   96   1          SFR_BANK = sfr_bak;
   97   1          romEI();
   98   1      }
   99          /* 获取歌曲当前播放时间 */
  100          void BackupCurrentTime(void)
  101          {
  102   1          Full_time_t curtime_buf;
  103   1      
  104   1          if (apSendCommand(MC_GETTIME, g_currentMusicType, (void *) &curtime_buf) == 0) //直接调用apSendComman
             -d防止切bank（AP_UI_PLY本身被切出去），在高比特率歌曲时防止有卡音现象
  105   1          {
  106   2              return;
  107   2          }
  108   1          g_music_vars.BreakPTDisTime.hour = curtime_buf.TimeHour;
  109   1          g_music_vars.BreakPTDisTime.minute = curtime_buf.TimeMinute;
  110   1          g_music_vars.BreakPTDisTime.second = curtime_buf.TimeSecond;
  111   1          time_writetoreg();
  112   1          return;
  113   1      }
  114          /*
  115           ********************************************************************************
  116           *             void deal_play_status(void)
  117           *
  118           * Description : 处理播放过程中的异常情况
  119           *
  120           *
  121           * Arguments   : void
  122           *
  123           * Returns     : void
C251 COMPILER V4.55,  sub_int                                                              23/05/16  10:41:53  PAGE 3   

  124           *
  125           * Notes       :1.如果非播放状态下，则直接返回
  126           *                         2.如果播放出错，则转到出错处理函数处理
  127           *                         3.如果播放到尾，则转到文件尾处理函数处理
  128           *                         4.如果播放到头，则转到文件头处理函数处理
  129           *                         5.正常情况下不断刷新播放时间
  130           ********************************************************************************
  131           */
  132          
  133          uint8 deal_play_status(void)
  134          {
  135   1          uint8 retval;
  136   1          music_play_status_t status_buf;
  137   1          if (PlayStatus < PlaySta)
  138   1          {
  139   2              return NULL;
  140   2          }
  141   1          apSendCommand(MC_GETSTATUS, g_currentMusicType, (void *) (&status_buf)); //直接调用apSendCommand防止
             -衎ank（AP_UI_PLY本身被切出去），在高比特率歌曲时防止有卡音现象
  142   1          if (status_buf.status == PLAYING_ERROR)
  143   1          {
  144   2              return deal_playing_err();
  145   2          }
  146   1          else if (status_buf.status == PLAYING_REACH_END)
  147   1          {
  148   2              retval = DealMusicFileEnd(0);
  149   2              if (retval != NULL)
  150   2              {
  151   3                  return retval;
  152   3              }
  153   2          }
  154   1          //注，下面是为解决一种特殊情况而做出的特殊处理，在一般情况下可不分到头，到尾
  155   1          //     标志，统一用 PLAYING_REACH_END 标志就可以了，因为可通过 PlayStatus
  156   1          //     这个标志判断是快进还是快退，就可知道是到了文件头还是文件尾，但如果在
  157   1          //     快退到差不多到头时停止快退，这时已发停止命令，但由于模块层在接收这个
  158   1          //     命令后到真正停止快退要有一个时间差，如在这个时间差中到文件头，如还是
  159   1          //     用 PLAYING_REACH_END 标志那就分不清是到头还是到尾，所以要加一个标志
  160   1          //     PLAYING_REACH_HEAD 表示是到头。
  161   1          else if (status_buf.status == PLAYING_REACH_HEAD)
  162   1          {
  163   2              retval = deal_music_filehead();
  164   2              if (retval != NULL)
  165   2              {
  166   3                  return retval;
  167   3              }
  168   2          }
  169   1          else
  170   1          {
  171   2              if (g_music_vars.BreakPTDisTime.second > 1)
  172   2              {
  173   3                  prev_key_direc = Key_Next;
  174   3                  err_music_count = 0;
  175   3              }
  176   2          }
  177   1          if (CurUI_Type == Music_UI)
  178   1          {
  179   2              BackupCurrentTime();
  180   2              ShowNowTime();
  181   2          }
  182   1          return retval;
  183   1      }
  184          


Module Information          Static   Overlayable
------------------------------------------------
  code size            =    ------     ------
C251 COMPILER V4.55,  sub_int                                                              23/05/16  10:41:53  PAGE 4   

  ecode size           =       440     ------
  data size            =    ------     ------
  idata size           =    ------     ------
  pdata size           =    ------     ------
  xdata size           =    ------     ------
  xdata-const size     =    ------     ------
  edata size           =    ------     ------
  bit size             =    ------     ------
  ebit size            =    ------     ------
  bitaddressable size  =    ------     ------
  ebitaddressable size =    ------     ------
  far data size        =    ------     ------
  huge data size       =    ------     ------
  const size           =    ------     ------
  hconst size          =    ------     ------
End of Module Information.


C251 COMPILATION COMPLETE.  0 WARNING(S),  0 ERROR(S)
