C251 COMPILER V4.55,  enhanced_naming                                                      13/12/18  16:27:45  PAGE 1   


C251 COMPILER V4.55, COMPILATION OF MODULE enhanced_naming
OBJECT MODULE PLACED IN ..\..\..\..\obj\lib\enhanced\enhanced_naming.obj
COMPILER INVOKED BY: C:\Keil\C251\BIN\C251.EXE ..\..\..\..\..\libsrc\midware\enhanced\getNewName\enhanced_naming.c XSMAL
                    -L INTR2 FUNCTIONS(REENTRANT) ROM(HUGE) OPTIMIZE(9,SPEED) INCDIR(..\..\..\..\..\inc) DEBUG PRINT(.\enhanced_naming.lst) O
                    -BJECT(..\..\..\..\obj\lib\enhanced\enhanced_naming.obj) 

stmt  level    source

    1          /*
    2           *******************************************************************************
    3           *                ACTOS AP
    4           *        enhanced module impletementation
    5           *
    6           *        (c) Copyright, Actions Co,Ld.
    7           *             All Right Reserved
    8           *
    9           *******************************************************************************
   10           */
   11          #pragma name(MW_EH_NAME)
   12          #pragma renamecode(MW_EH_NAME)
   13          
   14          #include <actos.h>
   15          #include <enhanced.h>
   16          #include <stringH.h>
   17          
   18          #include "filesys.h"
   19          //#include <debug.h>
   20          
   21          
   22          /*
   23           ********************************************************************************
   24           * Description : 数字转换成字符串
   25           *
   26           * Arguments   : i, 数字
   27           *               buf, 输出字符串指针
   28           *
   29           * Returns     : 成功, 输出字符串指针
   30           *
   31           * Notes       : 数字只能是 01~99, 没有0结尾
   32           *
   33           ********************************************************************************
   34           */
   35          char *my_itoa(int i, uint8 *buf)
   36          {
   37   1          buf[0] = ((uint8)((i / 100) % 10)) + '0';
   38   1          buf[1] = ((uint8)((i / 10) % 10)) + '0';
   39   1          buf[2] = ((uint8)(i % 10)) + '0';
   40   1          return buf;
   41   1      }
   42          /*
   43           ********************************************************************************
   44           * Description : 根据序号生成新的可用文件名
   45           *
   46           * Arguments   : location->filename, 原来的文件名
   47           *               location->filename, 输出新的文件名
   48           *
   49           * Returns     :  新文件的序号, 01~99
   50           *        如果01~99 文件存在, 返回0
   51           *
   52           * Notes       :文件名字格式 : xxx000 WAV, xxx000 ACT, ***000 JPG...
   53           *        如果输入的文件不存在,则直接返回
   54           检查目录满最长时间15s
   55           顺序产生下一个目录名最长时间1s.
   56           *
   57           * TODO:        不要使用 atoi(), 节省128byte  (ok!)
C251 COMPILER V4.55,  enhanced_naming                                                      13/12/18  16:27:45  PAGE 2   

   58           ********************************************************************************
   59           */
   60          #ifdef PC
               int sGenNewName(file_location_t *location)
               #else
   63          int GenNewName(file_location_t *location)
   64          #endif
   65          //int sGenNewName(file_location_t *location)
   66          {
   67   1          int num;
   68   1          int loops = 0;
   69   1          uint8 new_name[12];
   70   1          handle f;
   71   1      
   72   1          //ASSERT(location->filename[3] >= '0' && location->filename[3] <= '9');
   73   1          //ASSERT(location->filename[4] >= '0' && location->filename[4] <= '9');
   74   1          //ASSERT(location->filename[5] >= '0' && location->filename[5] <= '9');
   75   1      
   76   1          //复制到new_name
   77   1          memcpy(new_name, location->filename, 12);
   78   1      
   79   1          // 检查文件夹是否含有001这个文件,如没有RETURN 1
   80   1          new_name[3] = '0';
   81   1          new_name[4] = '0';
   82   1          new_name[5] = '1';
   83   1          // 如果文件不存在
   84   1          f = FS_FOpen(new_name, 0);
   85   1          if (f == NULL)
   86   1          {
   87   2              memcpy(location->filename, new_name, 11);
   88   2              location->filename[11] = 0;
   89   2              // 删除文件长度为0的文件.
   90   2              //文件名已经存在，但文件长度为0时open也失败。
   91   2              FS_FRemove(location->filename);
   92   2              return 1;
   93   2          }
   94   1          else
   95   1          {
   96   2              FS_FClose(f);
   97   2          }
   98   1      
   99   1          // 按指定的值,继续查找.
  100   1          memcpy(new_name, location->filename, 12);
  101   1          num = (new_name[3] - '0') * 100 + (new_name[4] - '0') * 10 + (new_name[5] - '0');
  102   1          //    if(num <= 0) num = 1;
  103   1          //    if(num > 200) num = 1;
  104   1          //  my_itoa(num, &new_name[3]);
  105   1          if ((num <= 0) || (num > 200))
  106   1          {
  107   2              num = 1;
  108   2              my_itoa(num, &new_name[3]);
  109   2          }
  110   1      
  111   1          //如果文件存在,数字加1
  112   1          do
  113   1          {
  114   2              // 如果文件不存在
  115   2              ClearWatchDog();
  116   2              f = FS_FOpen(new_name, 0);
  117   2              if (f == NULL)
  118   2              {
  119   3                  memcpy(location->filename, new_name, 11);
  120   3                  location->filename[11] = 0;
  121   3                  FS_FRemove(location->filename);
  122   3                  return num;
  123   3              }
C251 COMPILER V4.55,  enhanced_naming                                                      13/12/18  16:27:45  PAGE 3   

  124   2              else
  125   2              {
  126   3                  FS_FClose(f);
  127   3                  num++;
  128   3                  if (num > 200)
  129   3                  {
  130   4                      num = 1;
  131   4                  }
  132   3                  my_itoa(num, &new_name[3]);
  133   3              }
  134   2              loops++;
  135   2          }
  136   1          while (loops < 200);
  137   1      
  138   1          return 0;
  139   1      }


Module Information          Static   Overlayable
------------------------------------------------
  code size            =    ------     ------
  ecode size           =       493     ------
  data size            =    ------     ------
  idata size           =    ------     ------
  pdata size           =    ------     ------
  xdata size           =    ------     ------
  xdata-const size     =    ------     ------
  edata size           =    ------     ------
  bit size             =    ------     ------
  ebit size            =    ------     ------
  bitaddressable size  =    ------     ------
  ebitaddressable size =    ------     ------
  far data size        =    ------     ------
  huge data size       =    ------     ------
  const size           =    ------     ------
  hconst size          =    ------     ------
End of Module Information.


C251 COMPILATION COMPLETE.  0 WARNING(S),  0 ERROR(S)
