C251 COMPILER V4.55,  welcome                                                              13/12/18  16:28:39  PAGE 1   


C251 COMPILER V4.55, COMPILATION OF MODULE welcome
OBJECT MODULE PLACED IN .\obj\welcome.obj
COMPILER INVOKED BY: C:\Keil\C251\BIN\C251.EXE welcome.c XSMALL FUNCTIONS(REENTRANT) ROM(HUGE) OPTIMIZE(9,SPEED) BROWSE 
                    -INCDIR(..\..\..\psp_rel\inc;..\..\inc) I4 DF(DEMO_EFUSE=0) DF(DEMO_ADFU=0) DF(WELCOME=1) DEBUG PRINT(.\lst\welcome.lst) 
                    -OBJECT(.\obj\welcome.obj) 

stmt  level    source

    1          /*
    2           ********************************************************************************
    3           *                       ACTOS
    4           *                 show logo when boot
    5           *
    6           *                (c) Copyright 2003-2009, Actions Co,Ld.
    7           *                        All Right Reserved
    8           *
    9           * File   : welcome.c
   10           * By     : fiona.yang
   11           ********************************************************************************
   12           */
   13          #include "AS260X.h"
   14          //#include <intrins.h>
   15          #include "typeext.h"
   16          //#include "lcd.h"
   17          #include "stringH.h"
   18          #include "display.h"
   19          #include "key.h"
   20          
   21          #define WELCOME_DATA_ADD     0xFF2400
   22          //#define GPIO_MODE
   23          extern void _nop_(void);
   24          //void Delay_ms(uint8 delay_ms);
   25          uint8 GetUsbCableStatus(void);
   26          
   27          extern void Hdrv_HardInit(void);
   28          extern void Sdrv_LEDDisplay(uint8 api_no, uint8 addr, uint8 content, uint8 type);
   29          extern void Sdrv_LEDPuts(uint8 api_no, uint8 addr, uint8 *str, uint8 type);
   30          extern void sAdfuEnter(void);
   31          void Delay_ms(uint8 delay_ms);
   32          
   33          //#define SERIAL_LCM
   34          void charge_pump_ctl(void);
   35          
   36          void Show_welcome_logo(void);
   37          
   38          void mcu_enter_sleep(void);
   39          void uart_init(void);
   40          
   41          #pragma name(CODEDISPSTART)
   42          uint8 cesel;
   43          uint8 com_num;
   44          
   45          void DispStarting(void)
   46          {
   47   1          uint8 sfrbak;
   48   1      
   49   1      #ifdef EVB_KEY
                   uint8 keyval;
               #endif
   52   1          uint8 loopcnt;
   53   1          uint8 onoff_status;
   54   1          uint16 sec_cnt = 0;
   55   1      
   56   1          sfrbak = SFR_BANK;
   57   1      
C251 COMPILER V4.55,  welcome                                                              13/12/18  16:28:39  PAGE 2   

   58   1              uart_init();
   59   1      
   60   1          SFR_BANK = BANK_GPIO;
   61   1          MFP_CTL2 |= 0x01; //SET UDI
   62   1          //检测硬开关是否关闭
   63   1          SFR_BANK = BANK_PMU;
   64   1          onoff_status = SYSTEM_ONOFF & 0x10;
   65   1          SFR_BANK = sfrbak;
   66   1          if(onoff_status != 0)
   67   1          {
   68   2              return;
   69   2          }
   70   1          //判断是否连接USB线
   71   1          if ((GetUsbCableStatus() & 0x40) == 0x40)
   72   1          {
   73   2              //开机长按mode键进ADFU
   74   2              SFR_BANK = BANK_GPIO;
   75   2                      AD_Select  &= 0xCC;
   76   2                      AD_Select  |= 0x11;/*gpio_c7 mapping to LRADC5, gpio_a6 mapping to LRADC4*/
   77   2                      AD_Select1 |= 0x01;/*gpio_g2 mapping to LRADC1(rem_con)*/
   78   2              SFR_BANK = BANK_PMU;
   79   2              PMUADC_CTL |= 0xa0; //enable LRADC1,ADC FREQUENCY 128Hz
   80   2              //check key value
   81   2              loopcnt = 10;
   82   2              while (loopcnt)
   83   2              {
   84   3                  SFR_BANK = BANK_PMU;
   85   3      #ifdef EVB_KEY
                           keyval = LRADC1_DATA & 0x3f;
                           SFR_BANK = sfrbak;
                           if ((keyval > 0x02) && (keyval < 0x09))
                           {
                               sAdfuEnter();
                           }
               #else
   93   3                              if ((SYSTEM_ONOFF & 0x08) != 0)
   94   3                          {
   95   4                              SFR_BANK = sfrbak;                              
   96   4                                      sAdfuEnter();
   97   4                          }
   98   3      
   99   3                  SFR_BANK = sfrbak;
  100   3      #endif
  101   3                  Delay_ms(1);
  102   3                  loopcnt--;
  103   3              }
  104   2          }
  105   1          SFR_BANK = sfrbak;
  106   1      }
  107          void charge_pump_ctl(void)
  108          {
  109   1          uint8 sfr_bak;
  110   1          sfr_bak = SFR_BANK;
  111   1          SFR_BANK = BANK_PMU;
  112   1          CP_CTL0 |= 0x81;
  113   1          CP_CTL1 |= 0x08;
  114   1          SFR_BANK = sfr_bak;
  115   1      }
  116          
  117          //mcu enter low frequent
  118          void mcu_enter_sleep(void)
  119          {
  120   1          SFR_BANK = 0x05;
  121   1          SYSTEM_CTL &= 0xfe;
  122   1      }
  123          void Show_welcome_logo(void)
C251 COMPILER V4.55,  welcome                                                              13/12/18  16:28:39  PAGE 3   

  124          {
  125   1          Hdrv_HardInit();
  126   1          Sdrv_LEDPuts(0, 0, "LOAD", 1);
  127   1      }
  128          uint8 GetUsbCableStatus(void)
  129          {
  130   1          uint8 sfr_bak, dpdm_status;
  131   1          uint8 usb_status;
  132   1          sfr_bak = SFR_BANK;
  133   1          SFR_BANK = BANK_USB;
  134   1          dpdm_status = DPDMCTRL;
  135   1          DPDMCTRL = 0x1f;
  136   1          usb_status = 0x80;
  137   1          while(usb_status--)
  138   1          {
  139   2              ;
  140   2          }
  141   1          if((USBSTATUS & 0x18) != 0x18)
  142   1          {
  143   2              usb_status = 0xff;
  144   2              while(usb_status--)
  145   2              {
  146   3                  ;
  147   3              }
  148   2              if((USBSTATUS & 0x18) != 0x18)
  149   2              {
  150   3                  usb_status = 0x40;
  151   3              }
  152   2              else
  153   2              {
  154   3                  usb_status = 0x00;
  155   3              }
  156   2          }
  157   1          else
  158   1          {
  159   2              usb_status = 0x00;
  160   2          }
  161   1          DPDMCTRL = dpdm_status;
  162   1      
  163   1          SFR_BANK = BANK_PMU;
  164   1          usb_status |= (TEST_CTL & 0x80);
  165   1      
  166   1          SFR_BANK = sfr_bak;
  167   1          return usb_status;
  168   1      
  169   1      }
  170          void Delay_ms(uint8 delay_ms)
  171          {
  172   1          uint8 i, j;
  173   1          while (delay_ms != 0)
  174   1          {
  175   2              for (i = 0; i < 10; i++)
  176   2              {
  177   3                  for (j = 0; j < 255; j++)
  178   3                  {
  179   4                      _nop_();
  180   4                  }
  181   3              }
  182   2              delay_ms--;
  183   2          }
  184   1      }
  185          
  186          void uart_init(void)
  187          {
  188   1              uint8 sfr_bak;
  189   1              uint8 i=0;
C251 COMPILER V4.55,  welcome                                                              13/12/18  16:28:39  PAGE 4   

  190   1              uint16 check_count=0;
  191   1              
  192   1              sfr_bak = SFR_BANK;
  193   1              SFR_BANK = BANK_CMU_RMU;
  194   1              MRCR1 &= 0xf7;
  195   1              MRCR1 |= 0x08;
  196   1              CLKENCTL1 |= 0x01;
  197   1      
  198   1              SFR_BANK = BANK_GPIO;
  199   1              GPIOCOUTEN &= 0xe7;
  200   1              GPIOCINEN &= 0xe7;
  201   1          GPIOCDAT &= 0xe7;
  202   1              MFP_CTL5 &= 0xf0;
  203   1              MFP_CTL5 |= 0x05;
  204   1      
  205   1              SFR_BANK = sfr_bak;
  206   1              return;
  207   1      }
  208          


Module Information          Static   Overlayable
------------------------------------------------
  code size            =    ------     ------
  ecode size           =       278     ------
  data size            =    ------     ------
  idata size           =    ------     ------
  pdata size           =    ------     ------
  xdata size           =    ------     ------
  xdata-const size     =    ------     ------
  edata size           =         2     ------
  bit size             =    ------     ------
  ebit size            =    ------     ------
  bitaddressable size  =    ------     ------
  ebitaddressable size =    ------     ------
  far data size        =    ------     ------
  huge data size       =    ------     ------
  const size           =    ------     ------
  hconst size          =         5     ------
End of Module Information.


C251 COMPILATION COMPLETE.  0 WARNING(S),  0 ERROR(S)
