C251 COMPILER V4.55,  Sdrv_ClrScreen                                                       23/07/16  20:31:14  PAGE 1   


C251 COMPILER V4.55, COMPILATION OF MODULE Sdrv_ClrScreen
OBJECT MODULE PLACED IN .\UI_Release\obj\Sdrv_ClrScreen.obj
COMPILER INVOKED BY: E:\Keil\C251\BIN\C251.EXE Sdrv_ClrScreen.c XSMALL FUNCTIONS(REENTRANT) ROM(HUGE) BROWSE INCDIR(..\.
                    -.\..\psp_rel\inc;..\..\inc) I4 DEBUG PRINT(.\UI_Release\list\Sdrv_ClrScreen.lst) OBJECT(.\UI_Release\obj\Sdrv_ClrScreen.
                    -obj) 

stmt  level    source

    1          /*
    2           ********************************************************************************
    3           *                       ACTOS
    4           *                  ui dirver show picture
    5           *
    6           *                (c) Copyright 2002-2008, Actions Co,Ld.
    7           *                        All Right Reserved
    8           *
    9           * File   : Sdrv_ClrScreen.c
   10           * By     : fiona
   11           * Version: 1> v1.00     first version     2010/10/13  14:40
   12           * Description: support unicode font
   13           ********************************************************************************
   14           */
   15          #include "drv_led.h"
   16          
   17          #pragma name(SDRV_CLRS)
   18          //const uint8 LEDAddr[ADDRNUM] =
   19          //{ 0x00, 0x01, 0x02, 0x03, 0x04 };
   20          ////*******************************************************************************/
   21          ///*
   22          //** FUNCTION:     ClearScreen
   23          //**
   24          //** Description:  ÃðµôËùÓÐsegment
   25          //**
   26          //**  input
   27          //**     none
   28          //**
   29          //**  output
   30          //**     none
   31          //********************************************************************************/
   32          
   33          void Sdrv_ClearScreen(uint8 api_no)
   34          {
   35   1          //    uint8 sendaddr;
   36   1          uint8 i = 0;
   37   1          //every segment send zero
   38   1          api_no = api_no;
   39   1          while (i < ADDRNUM)
   40   1          {
   41   2              //     sendaddr = LEDAddr[i];
   42   2              Hdrv_DataSend(i, 0, 0);
   43   2              i++;
   44   2          }
   45   1      }
   46          


Module Information          Static   Overlayable
------------------------------------------------
  code size            =    ------     ------
  ecode size           =        24     ------
  data size            =    ------     ------
  idata size           =    ------     ------
  pdata size           =    ------     ------
  xdata size           =    ------     ------
  xdata-const size     =    ------     ------
  edata size           =    ------     ------
C251 COMPILER V4.55,  Sdrv_ClrScreen                                                       23/07/16  20:31:14  PAGE 2   

  bit size             =    ------     ------
  ebit size            =    ------     ------
  bitaddressable size  =    ------     ------
  ebitaddressable size =    ------     ------
  far data size        =    ------     ------
  huge data size       =    ------     ------
  const size           =    ------     ------
  hconst size          =    ------     ------
End of Module Information.


C251 COMPILATION COMPLETE.  0 WARNING(S),  0 ERROR(S)
