C251 COMPILER V4.55,  UsbInitExitFun                                                       15/07/16  15:45:42  PAGE 1   


C251 COMPILER V4.55, COMPILATION OF MODULE UsbInitExitFun
OBJECT MODULE PLACED IN ..\..\..\obj\lib\usb\UsbInitExitFun.obj
COMPILER INVOKED BY: E:\Keil\C251\BIN\C251.EXE ..\..\..\libsrc\usb\UsbInitExitFun.c XSMALL FUNCTIONS(REENTRANT) ROM(HUGE
                    -) INCDIR(..\..\..\inc) I4 ORDER DEBUG PRINT(..\..\..\obj\lib\usound\UsbInitExitFun.lst) OBJECT(..\..\..\obj\lib\usb\UsbI
                    -nitExitFun.obj) 

stmt  level    source

    1          /*
    2           ********************************************************************************************************
             -*
    3           *                                       ACTOS GL3976
    4           *
    5           *
    6           *                           (c) Copyright 2002-2007, Actions Co,Ld.
    7           *                                   All Right Reserved
    8           *
    9           * File   : UsbInitExitFun.msa
   10           * By     : zhouxl
   11           * Version: v1.02     first version     2004-12-20 08:09
   12           ********************************************************************************************************
             -*
   13           */
   14          #include "udisklib.h"
   15          
   16          #pragma name(INITEXITFUN_C)
   17          static void USB_EP_Reset(void);
   18          #pragma renamecode(?PR?INITEXITFUN_C)
   19          
   20          //此定义为避免屏蔽掉打印后，udisk应用编译常量段定义未使用导致的编译错误。
   21          #ifndef _PRINT_DEBUG_
   22          const uint8 ConstSeg2 = 'A';
   23          #endif
   24          
   25          /*
   26           ********************************************************************************************************
             -*
   27           *                                           sUDiskRun
   28           *
   29           * Description: setup  communication  between PC and udisk
   30           *
   31           * Arguments  : None.
   32           *
   33           * Returns    : None.
   34           *
   35           * Note(s)    : U盘开始与PC通信
   36           ********************************************************************************************************
             -*
   37           */
   38          bool UDiskRun(int para)
   39          {
   40   1          uint8 ret = 0;
   41   1          uint8 sfrbak,i;
   42   1      
   43   1          //char *pUsbInterrupt;
   44   1          //word USB_Isr_Addr;
   45   1          para++;
   46   1      
   47   1          //清全局变量,防止加密盘全局变量有误
   48   1          Suspend_Flag = 0x00;
   49   1          PrevRTCTimerValue1 = 0x00;
   50   1          PrevRTCTimerValue2 = 0x00;
   51   1          prv_connect_idle_tm = 0x00;
   52   1      
   53   1          //清除USB连线动作稳定标记,防止加密盘应用中进入错误的suspend状态
C251 COMPILER V4.55,  UsbInitExitFun                                                       15/07/16  15:45:42  PAGE 2   

   54   1          usb_pwr_suspnd_fnsh = 0x00;
   55   1          //清reset计数,防止错误的进入Full speed模式 */
   56   1          usb_reset_enter_cnt = 0x00;
   57   1          //清idle状态(无bus reset)时间计数,
   58   1          //防止因usb_reset_enter_cnt被清掉导致重新对idle状态时间计数累加进而认为是插入到充电器中
   59   1          connect_idle_cnt = 0x00;
   60   1      
   61   1          sfrbak = SFR_BANK;
   62   1      
   63   1          OldIsrPtr = IRQ_Intercept((uint32) U20_ISRMain, IRQ_USB);
   64   1      
   65   1          // RTC calender enable
   66   1          SFR_BANK = BANK_RTC;
   67   1          if ((RTC_CTL0 & 0x80) != 0x80)
   68   1          {
   69   2              RTC_CTL0 = RTC_CTL0 | (uint8) 0x80;
   70   2              RTCRUPD = 0xa5;
   71   2              while (RTCRUPD != 0x5a)
   72   2              {
   73   3                  ; /* do nothing */
   74   3              }
   75   2          }
   76   1      
   77   1          SFR_BANK = BANK_CMU_RMU;
   78   1      
   79   1          // debug add
   80   1          //    CPUCLKCTL = 0x02;
   81   1      
   82   1          CLKENCTL2 = CLKENCTL2 | 0x20; //DMA01234 clock enable
   83   1          MEMCLKENCTL0 = 0xff; //set memory CLK=CPU CLK
   84   1          MEMCLKSELCTL0 = 0x00;
   85   1          MEMCLKSELCTL1 = 0x8f;
   86   1      
   87   1          CLKENCTL1 = CLKENCTL1 | 0x40; //USBCLKEN enable
   88   1      
   89   1          MRCR2 = MRCR2 | 0x01; //DMA0/1/2/3/4 Reset
   90   1          MRCR2 = MRCR2 | 0x04; //USB Reset = nomal;
   91   1          i = 0x40;
   92   1          while(i--)
   93   1          {
   94   2              ; //do nothing
   95   2          }
   96   1      
   97   1          SFR_BANK = BANK_USB;
   98   1          USB_Efuse_Ref = USB_Efuse_Ref & 0xbf; //control ENB,Efuse is standby, and its standby current is 5uA 
             -max.
   99   1          i = 0x40;
  100   1          while(i--)
  101   1          {
  102   2              ; //do nothing
  103   2          }
  104   1      
  105   1          SFR_BANK = BANK_PMU;
  106   1          MULTI_USED = MULTI_USED | 0x80; //USBVDD LDO 软件 enable
  107   1      
  108   1          SFR_BANK = BANK_USB;
  109   1          DPDMCTRL = 0x1f; //enable DP DM 500K pull-up & disable DP DM pull-down
  110   1          i = 0x40;
  111   1          while(i--)
  112   1          {
  113   2              ; //do nothing
  114   2          }
  115   1          
  116   1          IDVBUSCTRL = 0x1f; //enable software Vbus, enable PHY clock
  117   1      
  118   1          //phy disable,FPGA invalid,note:disable is open        //位置注意在 USBReset之前配置
C251 COMPILER V4.55,  UsbInitExitFun                                                       15/07/16  15:45:42  PAGE 3   

  119   1          USB_PHYCTRL = USB_PHYCTRL & 0x3f;
  120   1      
  121   1          SFR_BANK = BANK_CMU_RMU;
  122   1          MRCR2 = MRCR2 | 0x08; //USBReset = nomal;
  123   1          SFR_BANK = BANK_USB;
  124   1          while ((USBSTATUS & 0x01) == 0x01)
  125   1          {
  126   2              ; /*do nothing*/
  127   2          }
  128   1      
  129   1          if ((DPDMCTRL & 0x40) != 0x00)
  130   1          {
  131   2              //Global Interrupt Enable
  132   2              IE0 = IE0 & (uint8) 0x7F;
  133   2      
  134   2              //enable USB INT
  135   2              AIE = AIE | 0x01;
  136   2      
  137   2              //phy set
  138   2              OTG_PHY_Setting(0xE7, 0x0B);
  139   2              OTG_PHY_Setting(0xE7, 0x1F);
  140   2              //      OTG_PHY_Setting(0xE0,0x13);
  141   2              smDelay(1);
  142   2      
  143   2              USB_EP_Reset();
  144   2              EP1STADDRH = 0x03;
  145   2              EP1STADDRL = 0x80;
  146   2      
  147   2              EP2STADDRH = 0x0b;
  148   2              EP2STADDRL = 0x80;
  149   2      
  150   2              //Global Interrupt Enable
  151   2              IE0 = IE0 | (uint8) 0x80;
  152   2      
  153   2              //usb connection
  154   2              UsbCTRL_STUS = 0;
  155   2      
  156   2              ret = 1;
  157   2          }
  158   1          else
  159   1          {
  160   2      #ifdef _PRINT_DEBUG_
                       prints("L0\n");
               #endif
  163   2          }
  164   1      
  165   1          SFR_BANK = sfrbak;
  166   1      #ifdef _PRINT_DEBUG_
                   prints("run\n");
               #endif
  169   1          return ret;
  170   1      }
  171          
  172          /*
  173           ********************************************************************************
  174           *                           USB_EP_Reset
  175           * Description : USB endpoint(EP0,EPA,EPB) reset
  176           * Arguments   : none
  177           * Returns     : none
  178           * Notes       :
  179           ********************************************************************************
  180           */
  181          static void USB_EP_Reset(void)
  182          {
  183   1          USBEIRQ = 0x80;
  184   1      
C251 COMPILER V4.55,  UsbInitExitFun                                                       15/07/16  15:45:42  PAGE 4   

  185   1          Hcin0maxpck = 0x40; //set EP0 maxpacket size 64byte
  186   1      
  187   1          Usbirq_hcusbirq = 0xff;
  188   1          Usbien_hcusbien = 0xB9; //Enable USB setup, suspend, reset, hs, connect/disconnect interrupt
  189   1      
  190   1          SHORTPCKIRQ = 0x20; //Enable Endpoint B short packet recieve interrupt
  191   1          SHORTPCKIRQ = 0x02;
  192   1      
  193   1          USBEIRQ = 0x08; //Turn on USB interrupt
  194   1      }
  195          
  196          /*
  197           ********************************************************************************************************
             -*
  198           *                                           UDiskExit
  199           *
  200           * Description: 退出与PC通信.
  201           *
  202           * Arguments  : None.
  203           *
  204           * Returns    : None.
  205           *
  206           * Note(s)    : None.
  207           ********************************************************************************************************
             -*
  208           */
  209          uint8 UDiskExit(void)
  210          {
  211   1          uint8 IE0bak;
  212   1          uint8 sfrbak,i;
  213   1      #ifdef _PRINT_DEBUG_
                   uprintf("exit Status=%x\n", USB_State);
               #endif
  216   1          //close globle interrupt
  217   1          IE0bak = IE0;
  218   1          IE0 = IE0 & 0x7f;
  219   1      
  220   1          //close usb interrupt
  221   1          AIE = AIE & (uint8) 0xfe;
  222   1      
  223   1          sfrbak = SFR_BANK;
  224   1      
  225   1          SFR_BANK = BANK_USB;
  226   1          USBEIRQ = 0xc0;
  227   1          USBEIRQ = 0x00;
  228   1      
  229   1          //set Uram clk to MCU
  230   1          SFR_BANK = BANK_CMU_RMU;
  231   1          MEMCLKSELCTL1 = 0x00; //PCMRAM and URAM to MCU clk
  232   1          
  233   1              SFR_BANK = BANK_USB;
  234   1          Usbirq_hcusbirq = 0xff;
  235   1          Usbien_hcusbien = 0x00;
  236   1          SHORTPCKIRQ = 0x20;
  237   1      
  238   1          SFR_BANK = BANK_USB;
  239   1          /* software disconnect bit.  */
  240   1          UsbCTRL_STUS |= 0x40;
  241   1      
  242   1          SFR_BANK = BANK_CMU_RMU;
  243   1              MRCR2 = MRCR2 & 0xf7;  //USBReset
  244   1          i = 0x40;
  245   1          while(i--)
  246   1          {
  247   2              ; //do nothing
  248   2          }
C251 COMPILER V4.55,  UsbInitExitFun                                                       15/07/16  15:45:42  PAGE 5   

  249   1      
  250   1          MRCR2 = MRCR2 | 0x08; //USBReset = nomal;
  251   1          SFR_BANK = BANK_USB;
  252   1          while ((USBSTATUS & 0x01) == 0x01)
  253   1          {
  254   2              ; /*do nothing*/
  255   2          }
  256   1      
  257   1          //phy enable,FPGA invalid ,note:enable is close
  258   1          USB_PHYCTRL = USB_PHYCTRL | (uint8) 0xc0;
  259   1      
  260   1          if (IsAdfuCondition == 0x00)
  261   1          {
  262   2              /*fixme:need*/
  263   2              IRQ_Release(OldIsrPtr, IRQ_USB);
  264   2      
  265   2              //卸载sd卡的驱动程序,卡处于multiread或multiwrite状态，再次初始化卡时会失败，vicky 20051121
  266   2              //bankb函数,升级完不能调用
  267   2              DRV_UnInstall(DRV_SDFF);
  268   2      
  269   2              if (EjectFlag == 0x00)
  270   2              {
  271   3                  Udisk_Exit_Handle();
  272   3                  //bankb函数，退出ap时调用，2006-1-14 16:39更换
  273   3                  UD_Exit();
  274   3              }
  275   2              else
  276   2              {
  277   3                  //如果发生写操作,把最后一次传输数据写入Flash
  278   3                  UD_Update();
  279   3              }
  280   2          }
  281   1          else
  282   1          {
  283   2              //如果发生写操作,把最后一次传输数据写入Flash
  284   2              UD_Update();
  285   2          }
  286   1      
  287   1          DPDMCTRL = 0x10; // 恢复uhost检测
  288   1      
  289   1          //open globle interrupt
  290   1          IE0 = IE0bak;
  291   1          //restore SFR_BANK
  292   1          SFR_BANK = sfrbak;
  293   1      
  294   1          return 0x01;
  295   1      }


Module Information          Static   Overlayable
------------------------------------------------
  code size            =    ------     ------
  ecode size           =       423     ------
  data size            =    ------     ------
  idata size           =    ------     ------
  pdata size           =    ------     ------
  xdata size           =    ------     ------
  xdata-const size     =    ------     ------
  edata size           =    ------     ------
  bit size             =    ------     ------
  ebit size            =    ------     ------
  bitaddressable size  =    ------     ------
  ebitaddressable size =    ------     ------
  far data size        =    ------     ------
  huge data size       =    ------     ------
  const size           =    ------     ------
  hconst size          =         1     ------
C251 COMPILER V4.55,  UsbInitExitFun                                                       15/07/16  15:45:42  PAGE 6   

End of Module Information.


C251 COMPILATION COMPLETE.  0 WARNING(S),  0 ERROR(S)
