C251 COMPILER V4.55,  usound_comm                                                          13/12/18  14:07:00  PAGE 1   


C251 COMPILER V4.55, COMPILATION OF MODULE usound_comm
OBJECT MODULE PLACED IN ..\..\..\obj\lib\usound\usound_comm.obj
COMPILER INVOKED BY: C:\Keil\C251\BIN\C251.EXE ..\..\..\libsrc\usbsound\usound_comm.c XSMALL FUNCTIONS(REENTRANT) ROM(HU
                    -GE) INCDIR(..\..\..\inc) I4 ORDER DEBUG PRINT(..\..\..\obj\lib\usound\usound_comm.lst) OBJECT(..\..\..\obj\lib\usound\us
                    -ound_comm.obj) 

stmt  level    source

    1          /********************************************************************************
    2           *                              AS260A
    3           *                            Module: USB Sound
    4           *                 Copyright(c) 2001-2012 Actions Semiconductor,
    5           *                            All Rights Reserved.
    6           *
    7           * History:
    8           *      <author>    <time>            <version >             <desc>
    9           *      dengtaiping 2012-10-23 16:40     1.0                build this file
   10           ********************************************************************************/
   11          /*!
   12           * \file     usound_comm.c
   13           * \brief    .
   14           * \author   dengtaiping
   15           * \par      GENERAL DESCRIPTION:
   16           *               公用接口
   17           * \par      EXTERNALIZED FUNCTIONS:
   18           *               这里描述调用到外面的模块
   19           *
   20           *      Copyright(c) 2001-2012 Actions Semiconductor, All Rights Reserved.
   21           *
   22           * \version 1.0
   23           * \date  2012/10/23
   24           *******************************************************************************/
   25          #include "usound_intern.h"
   26          #include "usound_extern.h"
   27          #pragma name(USC_COMM)
   28          #pragma renamecode(?PR?USC_COMM)
   29          
   30          /******************************************************************************/
   31          /*!
   32           * \par  Description:
   33           *     check usb line connect
   34           * \param[in]    none
   35           * \param[out]   none.
   36           * \return       usb connect status
   37          
   38           * \ingroup      module name
   39           * \par          exmaple code
   40           * \code
   41           *               list example code in here
   42           * \endcode
   43           *******************************************************************************/
   44          uint8 is_usb_connect(void)
   45          {
   46   1          uint8 ret_var, sfr_temp;
   47   1      
   48   1          ClearWatchDog();
   49   1          sfr_temp = SFR_BANK;
   50   1          SFR_BANK = BANK_USB;
   51   1      
   52   1          /* if plug-in bit is disconnect, line is pulled out.  */
   53   1          if (0x00 == (DPDMCTRL & 0x40))
   54   1          {
   55   2              ret_var = USB_DISCONNECT;
   56   2              usb_state |= USOUND_PLUG_OUT;
   57   2          }
C251 COMPILER V4.55,  usound_comm                                                          13/12/18  14:07:00  PAGE 2   

   58   1          else
   59   1          {
   60   2              ret_var = USB_IS_CONNECT;
   61   2          }
   62   1      
   63   1          SFR_BANK = sfr_temp;
   64   1      
   65   1          return ret_var;
   66   1      }
   67          
   68          /******************************************************************************/
   69          /*!
   70           * \par  Description:
   71           *     time delay
   72           * \param[in]    mscount:delay count
   73           * \param[out]   none.
   74           * \return       none
   75          
   76           * \ingroup      module name
   77           * \par          exmaple code
   78           * \code
   79           *               list example code in here
   80           * \endcode
   81           *******************************************************************************/
   82          void mdelay(uint8 mscount)
   83          {
   84   1          uint32 count;
   85   1          count = 0x00004000 * mscount;
   86   1          while (count != 0x00)
   87   1          {
   88   2              count = count - 1;
   89   2          }
   90   1      }
   91          
   92          /*void usdelay(uint8 uscount)
   93          {
   94              uint32 count;
   95              count = 0x10 * uscount;
   96              while (count != 0x00)
   97              {
   98                  count = count - 1;
   99              }
  100          }*/
  101          
  102          
  103          /******************************************************************************/
  104          /*!
  105           * \par  Description:
  106           *     set hid data
  107           * \param[in]    keymsg:hid data value
  108           * \param[out]   none.
  109           * \return       none
  110          
  111           * \ingroup      module name
  112           * \par          exmaple code
  113           * \code
  114           *               list example code in here
  115           * \endcode
  116           *******************************************************************************/
  117          void usound_key_msg(uint8 keymsg)
  118          {
  119   1          hid_report = keymsg;
  120   1          hid_send_flag = 2;
  121   1      }


C251 COMPILER V4.55,  usound_comm                                                          13/12/18  14:07:00  PAGE 3   

Module Information          Static   Overlayable
------------------------------------------------
  code size            =    ------     ------
  ecode size           =        75     ------
  data size            =    ------     ------
  idata size           =    ------     ------
  pdata size           =    ------     ------
  xdata size           =    ------     ------
  xdata-const size     =    ------     ------
  edata size           =    ------     ------
  bit size             =    ------     ------
  ebit size            =    ------     ------
  bitaddressable size  =    ------     ------
  ebitaddressable size =    ------     ------
  far data size        =    ------     ------
  huge data size       =    ------     ------
  const size           =    ------     ------
  hconst size          =    ------     ------
End of Module Information.


C251 COMPILATION COMPLETE.  0 WARNING(S),  0 ERROR(S)
